composeApp/build/intermediates/manifest_merge_blame_file/debug/processDebugMainManifest/manifest-merger-blame-debug-report.txt
1<?xml version="1.0" encoding="utf-8"?>
2<manifest xmlns:android="http://schemas.android.com/apk/res/android"
3    package="dev.kbwallet.app"
4    android:versionCode="1"
5    android:versionName="1.0" >
6
7    <uses-sdk
8        android:minSdkVersion="24"
9        android:targetSdkVersion="35" />
10
11    <uses-permission android:name="android.permission.INTERNET" />
11-->src/androidMain/AndroidManifest.xml:4:5-67
11-->src/androidMain/AndroidManifest.xml:4:22-64
12    <uses-permission android:name="android.permission.USE_BIOMETRIC" />
12-->src/androidMain/AndroidManifest.xml:5:5-72
12-->src/androidMain/AndroidManifest.xml:5:22-69
13    <!-- suppress DeprecatedClassUsageInspection -->
14    <uses-permission android:name="android.permission.USE_FINGERPRINT" />
14-->[androidx.biometric:biometric:1.4.0-alpha02] AndroidManifest.xml:25:5-74
14-->[androidx.biometric:biometric:1.4.0-alpha02] AndroidManifest.xml:25:22-71
15
16    <permission
16-->[androidx.core:core:1.13.1] AndroidManifest.xml:22:5-24:47
17        android:name="dev.kbwallet.app.DYNAMIC_RECEIVER_NOT_EXPORTED_PERMISSION"
17-->[androidx.core:core:1.13.1] AndroidManifest.xml:23:9-81
18        android:protectionLevel="signature" />
18-->[androidx.core:core:1.13.1] AndroidManifest.xml:24:9-44
19
20    <uses-permission android:name="dev.kbwallet.app.DYNAMIC_RECEIVER_NOT_EXPORTED_PERMISSION" />
20-->[androidx.core:core:1.13.1] AndroidManifest.xml:26:5-97
20-->[androidx.core:core:1.13.1] AndroidManifest.xml:26:22-94
21
22    <application
22-->src/androidMain/AndroidManifest.xml:7:5-26:19
23        android:name="dev.kbwallet.app.KBLearningApplication"
23-->src/androidMain/AndroidManifest.xml:13:9-46
24        android:allowBackup="true"
24-->src/androidMain/AndroidManifest.xml:8:9-35
25        android:appComponentFactory="androidx.core.app.CoreComponentFactory"
25-->[androidx.core:core:1.13.1] AndroidManifest.xml:28:18-86
26        android:debuggable="true"
27        android:extractNativeLibs="false"
28        android:icon="@mipmap/ic_launcher"
28-->src/androidMain/AndroidManifest.xml:9:9-43
29        android:label="@string/app_name"
29-->src/androidMain/AndroidManifest.xml:10:9-41
30        android:roundIcon="@mipmap/ic_launcher_round"
30-->src/androidMain/AndroidManifest.xml:11:9-54
31        android:supportsRtl="true"
31-->src/androidMain/AndroidManifest.xml:12:9-35
32        android:testOnly="true"
33        android:theme="@android:style/Theme.Material.Light.NoActionBar" >
33-->src/androidMain/AndroidManifest.xml:14:9-72
34        <activity
34-->src/androidMain/AndroidManifest.xml:15:9-25:20
35            android:name="dev.kbwallet.app.MainActivity"
35-->src/androidMain/AndroidManifest.xml:19:13-41
36            android:configChanges="orientation|screenSize|screenLayout|keyboardHidden|mnc|colorMode|density|fontScale|fontWeightAdjustment|keyboard|layoutDirection|locale|mcc|navigation|smallestScreenSize|touchscreen|uiMode"
36-->src/androidMain/AndroidManifest.xml:18:13-225
37            android:exported="true"
37-->src/androidMain/AndroidManifest.xml:16:13-36
38            android:windowSoftInputMode="adjustResize" >
38-->src/androidMain/AndroidManifest.xml:17:13-55
39            <intent-filter>
39-->src/androidMain/AndroidManifest.xml:20:13-24:29
40                <action android:name="android.intent.action.MAIN" />
40-->src/androidMain/AndroidManifest.xml:21:17-69
40-->src/androidMain/AndroidManifest.xml:21:25-66
41
42                <category android:name="android.intent.category.LAUNCHER" />
42-->src/androidMain/AndroidManifest.xml:23:17-77
42-->src/androidMain/AndroidManifest.xml:23:27-74
43            </intent-filter>
44        </activity>
45
46        <provider
46-->[org.jetbrains.compose.components:components-resources-android:1.7.0] AndroidManifest.xml:8:9-13:20
47            android:name="org.jetbrains.compose.resources.AndroidContextProvider"
47-->[org.jetbrains.compose.components:components-resources-android:1.7.0] AndroidManifest.xml:9:13-82
48            android:authorities="dev.kbwallet.app.resources.AndroidContextProvider"
48-->[org.jetbrains.compose.components:components-resources-android:1.7.0] AndroidManifest.xml:10:13-84
49            android:enabled="true"
49-->[org.jetbrains.compose.components:components-resources-android:1.7.0] AndroidManifest.xml:11:13-35
50            android:exported="false" >
50-->[org.jetbrains.compose.components:components-resources-android:1.7.0] AndroidManifest.xml:12:13-37
51        </provider>
52
53        <activity
53-->[androidx.compose.ui:ui-tooling-android:1.7.1] AndroidManifest.xml:23:9-25:39
54            android:name="androidx.compose.ui.tooling.PreviewActivity"
54-->[androidx.compose.ui:ui-tooling-android:1.7.1] AndroidManifest.xml:24:13-71
55            android:exported="true" />
55-->[androidx.compose.ui:ui-tooling-android:1.7.1] AndroidManifest.xml:25:13-36
56
57        <provider
57-->[androidx.emoji2:emoji2:1.3.0] AndroidManifest.xml:24:9-32:20
58            android:name="androidx.startup.InitializationProvider"
58-->[androidx.emoji2:emoji2:1.3.0] AndroidManifest.xml:25:13-67
59            android:authorities="dev.kbwallet.app.androidx-startup"
59-->[androidx.emoji2:emoji2:1.3.0] AndroidManifest.xml:26:13-68
60            android:exported="false" >
60-->[androidx.emoji2:emoji2:1.3.0] AndroidManifest.xml:27:13-37
61            <meta-data
61-->[androidx.emoji2:emoji2:1.3.0] AndroidManifest.xml:29:13-31:52
62                android:name="androidx.emoji2.text.EmojiCompatInitializer"
62-->[androidx.emoji2:emoji2:1.3.0] AndroidManifest.xml:30:17-75
63                android:value="androidx.startup" />
63-->[androidx.emoji2:emoji2:1.3.0] AndroidManifest.xml:31:17-49
64            <meta-data
64-->[androidx.lifecycle:lifecycle-process:2.8.6] AndroidManifest.xml:29:13-31:52
65                android:name="androidx.lifecycle.ProcessLifecycleInitializer"
65-->[androidx.lifecycle:lifecycle-process:2.8.6] AndroidManifest.xml:30:17-78
66                android:value="androidx.startup" />
66-->[androidx.lifecycle:lifecycle-process:2.8.6] AndroidManifest.xml:31:17-49
67            <meta-data
67-->[androidx.profileinstaller:profileinstaller:1.4.1] AndroidManifest.xml:29:13-31:52
68                android:name="androidx.profileinstaller.ProfileInstallerInitializer"
68-->[androidx.profileinstaller:profileinstaller:1.4.1] AndroidManifest.xml:30:17-85
69                android:value="androidx.startup" />
69-->[androidx.profileinstaller:profileinstaller:1.4.1] AndroidManifest.xml:31:17-49
70        </provider>
71
72        <service
72-->[androidx.room:room-runtime-android:2.7.0-alpha11] AndroidManifest.xml:24:9-28:63
73            android:name="androidx.room.MultiInstanceInvalidationService"
73-->[androidx.room:room-runtime-android:2.7.0-alpha11] AndroidManifest.xml:25:13-74
74            android:directBootAware="true"
74-->[androidx.room:room-runtime-android:2.7.0-alpha11] AndroidManifest.xml:26:13-43
75            android:exported="false" />
75-->[androidx.room:room-runtime-android:2.7.0-alpha11] AndroidManifest.xml:27:13-37
76
77        <receiver
77-->[androidx.profileinstaller:profileinstaller:1.4.1] AndroidManifest.xml:34:9-52:20
78            android:name="androidx.profileinstaller.ProfileInstallReceiver"
78-->[androidx.profileinstaller:profileinstaller:1.4.1] AndroidManifest.xml:35:13-76
79            android:directBootAware="false"
79-->[androidx.profileinstaller:profileinstaller:1.4.1] AndroidManifest.xml:36:13-44
80            android:enabled="true"
80-->[androidx.profileinstaller:profileinstaller:1.4.1] AndroidManifest.xml:37:13-35
81            android:exported="true"
81-->[androidx.profileinstaller:profileinstaller:1.4.1] AndroidManifest.xml:38:13-36
82            android:permission="android.permission.DUMP" >
82-->[androidx.profileinstaller:profileinstaller:1.4.1] AndroidManifest.xml:39:13-57
83            <intent-filter>
83-->[androidx.profileinstaller:profileinstaller:1.4.1] AndroidManifest.xml:40:13-42:29
84                <action android:name="androidx.profileinstaller.action.INSTALL_PROFILE" />
84-->[androidx.profileinstaller:profileinstaller:1.4.1] AndroidManifest.xml:41:17-91
84-->[androidx.profileinstaller:profileinstaller:1.4.1] AndroidManifest.xml:41:25-88
85            </intent-filter>
86            <intent-filter>
86-->[androidx.profileinstaller:profileinstaller:1.4.1] AndroidManifest.xml:43:13-45:29
87                <action android:name="androidx.profileinstaller.action.SKIP_FILE" />
87-->[androidx.profileinstaller:profileinstaller:1.4.1] AndroidManifest.xml:44:17-85
87-->[androidx.profileinstaller:profileinstaller:1.4.1] AndroidManifest.xml:44:25-82
88            </intent-filter>
89            <intent-filter>
89-->[androidx.profileinstaller:profileinstaller:1.4.1] AndroidManifest.xml:46:13-48:29
90                <action android:name="androidx.profileinstaller.action.SAVE_PROFILE" />
90-->[androidx.profileinstaller:profileinstaller:1.4.1] AndroidManifest.xml:47:17-88
90-->[androidx.profileinstaller:profileinstaller:1.4.1] AndroidManifest.xml:47:25-85
91            </intent-filter>
92            <intent-filter>
92-->[androidx.profileinstaller:profileinstaller:1.4.1] AndroidManifest.xml:49:13-51:29
93                <action android:name="androidx.profileinstaller.action.BENCHMARK_OPERATION" />
93-->[androidx.profileinstaller:profileinstaller:1.4.1] AndroidManifest.xml:50:17-95
93-->[androidx.profileinstaller:profileinstaller:1.4.1] AndroidManifest.xml:50:25-92
94            </intent-filter>
95        </receiver>
96    </application>
97
98</manifest>